Connecting to database specified by database.yml
  [1m[36m (13.2ms)[0m  [1mSELECT "schema_migrations"."version" FROM "schema_migrations" [0m
Migrating to CreateMovies (20111119180638)
  [1m[35m (0.1ms)[0m  select sqlite_version(*)
  [1m[36m (0.2ms)[0m  [1mSELECT "schema_migrations"."version" FROM "schema_migrations" [0m
Connecting to database specified by database.yml
Connecting to database specified by database.yml
  [1m[36m (9.4ms)[0m  [1mSELECT "schema_migrations"."version" FROM "schema_migrations" [0m
Migrating to CreateMovies (20111119180638)
Migrating to AddDirectorToMovie (20160329031118)
  [1m[35m (0.1ms)[0m  select sqlite_version(*)
  [1m[36m (0.1ms)[0m  [1mbegin transaction[0m
  [1m[35m (0.6ms)[0m  ALTER TABLE "movies" ADD "director" varchar(255)
  [1m[36m (0.2ms)[0m  [1mINSERT INTO "schema_migrations" ("version") VALUES ('20160329031118')[0m
  [1m[35m (11.5ms)[0m  commit transaction
  [1m[36m (0.2ms)[0m  [1mSELECT "schema_migrations"."version" FROM "schema_migrations" [0m
Connecting to database specified by database.yml
  [1m[36m (49.7ms)[0m  [1mSELECT "schema_migrations"."version" FROM "schema_migrations" [0m
Migrating to CreateMovies (20111119180638)
Migrating to AddDirectorToMovie (20160329031118)
  [1m[35m (0.1ms)[0m  select sqlite_version(*)
  [1m[36m (0.1ms)[0m  [1mSELECT "schema_migrations"."version" FROM "schema_migrations" [0m
Connecting to database specified by database.yml
  [1m[36m (7.2ms)[0m  [1mSELECT "schema_migrations"."version" FROM "schema_migrations" [0m
  [1m[35m (0.3ms)[0m  select sqlite_version(*)
  [1m[36m (13.6ms)[0m  [1mCREATE TABLE "movies" ("id" INTEGER PRIMARY KEY AUTOINCREMENT NOT NULL, "title" varchar(255), "rating" varchar(255), "description" text, "release_date" datetime, "created_at" datetime, "updated_at" datetime, "director" varchar(255)) [0m
  [1m[35m (8.5ms)[0m  CREATE TABLE "schema_migrations" ("version" varchar(255) NOT NULL) 
  [1m[36m (10.0ms)[0m  [1mCREATE UNIQUE INDEX "unique_schema_migrations" ON "schema_migrations" ("version")[0m
  [1m[35m (0.1ms)[0m  SELECT version FROM "schema_migrations"
  [1m[36m (7.2ms)[0m  [1mINSERT INTO "schema_migrations" (version) VALUES ('20160329031118')[0m
  [1m[35m (11.1ms)[0m  INSERT INTO "schema_migrations" (version) VALUES ('20111119180638')
Connecting to database specified by database.yml
  [1m[36m (6.0ms)[0m  [1mSELECT "schema_migrations"."version" FROM "schema_migrations" [0m
  [1m[35m (0.3ms)[0m  select sqlite_version(*)
  [1m[36m (11.4ms)[0m  [1mCREATE TABLE "movies" ("id" INTEGER PRIMARY KEY AUTOINCREMENT NOT NULL, "title" varchar(255), "rating" varchar(255), "description" text, "release_date" datetime, "created_at" datetime, "updated_at" datetime, "director" varchar(255)) [0m
  [1m[35m (12.2ms)[0m  CREATE TABLE "schema_migrations" ("version" varchar(255) NOT NULL) 
  [1m[36m (7.4ms)[0m  [1mCREATE UNIQUE INDEX "unique_schema_migrations" ON "schema_migrations" ("version")[0m
  [1m[35m (0.1ms)[0m  SELECT version FROM "schema_migrations"
  [1m[36m (9.6ms)[0m  [1mINSERT INTO "schema_migrations" (version) VALUES ('20160329031118')[0m
  [1m[35m (9.8ms)[0m  INSERT INTO "schema_migrations" (version) VALUES ('20111119180638')
Connecting to database specified by database.yml
  [1m[36m (6.2ms)[0m  [1mSELECT "schema_migrations"."version" FROM "schema_migrations" [0m
  [1m[35m (0.2ms)[0m  select sqlite_version(*)
  [1m[36m (13.2ms)[0m  [1mCREATE TABLE "movies" ("id" INTEGER PRIMARY KEY AUTOINCREMENT NOT NULL, "title" varchar(255), "rating" varchar(255), "description" text, "release_date" datetime, "created_at" datetime, "updated_at" datetime, "director" varchar(255)) [0m
  [1m[35m (8.1ms)[0m  CREATE TABLE "schema_migrations" ("version" varchar(255) NOT NULL) 
  [1m[36m (10.4ms)[0m  [1mCREATE UNIQUE INDEX "unique_schema_migrations" ON "schema_migrations" ("version")[0m
  [1m[35m (0.2ms)[0m  SELECT version FROM "schema_migrations"
  [1m[36m (6.9ms)[0m  [1mINSERT INTO "schema_migrations" (version) VALUES ('20160329031118')[0m
  [1m[35m (8.9ms)[0m  INSERT INTO "schema_migrations" (version) VALUES ('20111119180638')
Connecting to database specified by database.yml
  [1m[36m (6.1ms)[0m  [1mSELECT "schema_migrations"."version" FROM "schema_migrations" [0m
  [1m[35m (0.3ms)[0m  select sqlite_version(*)
  [1m[36m (12.4ms)[0m  [1mCREATE TABLE "movies" ("id" INTEGER PRIMARY KEY AUTOINCREMENT NOT NULL, "title" varchar(255), "rating" varchar(255), "description" text, "release_date" datetime, "created_at" datetime, "updated_at" datetime, "director" varchar(255)) [0m
  [1m[35m (7.2ms)[0m  CREATE TABLE "schema_migrations" ("version" varchar(255) NOT NULL) 
  [1m[36m (7.3ms)[0m  [1mCREATE UNIQUE INDEX "unique_schema_migrations" ON "schema_migrations" ("version")[0m
  [1m[35m (0.1ms)[0m  SELECT version FROM "schema_migrations"
  [1m[36m (7.1ms)[0m  [1mINSERT INTO "schema_migrations" (version) VALUES ('20160329031118')[0m
  [1m[35m (8.4ms)[0m  INSERT INTO "schema_migrations" (version) VALUES ('20111119180638')
Connecting to database specified by database.yml
  [1m[36m (11.3ms)[0m  [1mSELECT "schema_migrations"."version" FROM "schema_migrations" [0m
  [1m[35m (0.4ms)[0m  select sqlite_version(*)
  [1m[36m (12.4ms)[0m  [1mCREATE TABLE "movies" ("id" INTEGER PRIMARY KEY AUTOINCREMENT NOT NULL, "title" varchar(255), "rating" varchar(255), "description" text, "release_date" datetime, "created_at" datetime, "updated_at" datetime, "director" varchar(255)) [0m
  [1m[35m (8.3ms)[0m  CREATE TABLE "schema_migrations" ("version" varchar(255) NOT NULL) 
  [1m[36m (9.5ms)[0m  [1mCREATE UNIQUE INDEX "unique_schema_migrations" ON "schema_migrations" ("version")[0m
  [1m[35m (0.1ms)[0m  SELECT version FROM "schema_migrations"
  [1m[36m (8.1ms)[0m  [1mINSERT INTO "schema_migrations" (version) VALUES ('20160329031118')[0m
  [1m[35m (7.7ms)[0m  INSERT INTO "schema_migrations" (version) VALUES ('20111119180638')
Connecting to database specified by database.yml
  [1m[36m (6.6ms)[0m  [1mSELECT "schema_migrations"."version" FROM "schema_migrations" [0m
  [1m[35m (0.3ms)[0m  select sqlite_version(*)
  [1m[36m (13.5ms)[0m  [1mCREATE TABLE "movies" ("id" INTEGER PRIMARY KEY AUTOINCREMENT NOT NULL, "title" varchar(255), "rating" varchar(255), "description" text, "release_date" datetime, "created_at" datetime, "updated_at" datetime, "director" varchar(255)) [0m
  [1m[35m (10.5ms)[0m  CREATE TABLE "schema_migrations" ("version" varchar(255) NOT NULL) 
  [1m[36m (11.9ms)[0m  [1mCREATE UNIQUE INDEX "unique_schema_migrations" ON "schema_migrations" ("version")[0m
  [1m[35m (0.1ms)[0m  SELECT version FROM "schema_migrations"
  [1m[36m (9.2ms)[0m  [1mINSERT INTO "schema_migrations" (version) VALUES ('20160329031118')[0m
  [1m[35m (9.9ms)[0m  INSERT INTO "schema_migrations" (version) VALUES ('20111119180638')
Connecting to database specified by database.yml
  [1m[36m (9.8ms)[0m  [1mSELECT "schema_migrations"."version" FROM "schema_migrations" [0m
  [1m[35m (0.3ms)[0m  select sqlite_version(*)
  [1m[36m (12.6ms)[0m  [1mCREATE TABLE "movies" ("id" INTEGER PRIMARY KEY AUTOINCREMENT NOT NULL, "title" varchar(255), "rating" varchar(255), "description" text, "release_date" datetime, "created_at" datetime, "updated_at" datetime, "director" varchar(255)) [0m
  [1m[35m (13.7ms)[0m  CREATE TABLE "schema_migrations" ("version" varchar(255) NOT NULL) 
  [1m[36m (10.7ms)[0m  [1mCREATE UNIQUE INDEX "unique_schema_migrations" ON "schema_migrations" ("version")[0m
  [1m[35m (0.1ms)[0m  SELECT version FROM "schema_migrations"
  [1m[36m (24.2ms)[0m  [1mINSERT INTO "schema_migrations" (version) VALUES ('20160329031118')[0m
  [1m[35m (7.2ms)[0m  INSERT INTO "schema_migrations" (version) VALUES ('20111119180638')
Connecting to database specified by database.yml
  [1m[36m (16.5ms)[0m  [1mSELECT "schema_migrations"."version" FROM "schema_migrations" [0m
  [1m[35m (1.1ms)[0m  select sqlite_version(*)
  [1m[36m (21.7ms)[0m  [1mCREATE TABLE "movies" ("id" INTEGER PRIMARY KEY AUTOINCREMENT NOT NULL, "title" varchar(255), "rating" varchar(255), "description" text, "release_date" datetime, "created_at" datetime, "updated_at" datetime, "director" varchar(255)) [0m
  [1m[35m (16.4ms)[0m  CREATE TABLE "schema_migrations" ("version" varchar(255) NOT NULL) 
  [1m[36m (16.7ms)[0m  [1mCREATE UNIQUE INDEX "unique_schema_migrations" ON "schema_migrations" ("version")[0m
  [1m[35m (0.2ms)[0m  SELECT version FROM "schema_migrations"
  [1m[36m (12.8ms)[0m  [1mINSERT INTO "schema_migrations" (version) VALUES ('20160329031118')[0m
  [1m[35m (15.4ms)[0m  INSERT INTO "schema_migrations" (version) VALUES ('20111119180638')
Connecting to database specified by database.yml
  [1m[36m (13.6ms)[0m  [1mSELECT "schema_migrations"."version" FROM "schema_migrations" [0m
  [1m[35m (0.5ms)[0m  select sqlite_version(*)
  [1m[36m (36.8ms)[0m  [1mCREATE TABLE "movies" ("id" INTEGER PRIMARY KEY AUTOINCREMENT NOT NULL, "title" varchar(255), "rating" varchar(255), "description" text, "release_date" datetime, "created_at" datetime, "updated_at" datetime, "director" varchar(255)) [0m
  [1m[35m (15.2ms)[0m  CREATE TABLE "schema_migrations" ("version" varchar(255) NOT NULL) 
  [1m[36m (12.7ms)[0m  [1mCREATE UNIQUE INDEX "unique_schema_migrations" ON "schema_migrations" ("version")[0m
  [1m[35m (0.2ms)[0m  SELECT version FROM "schema_migrations"
  [1m[36m (17.2ms)[0m  [1mINSERT INTO "schema_migrations" (version) VALUES ('20160329031118')[0m
  [1m[35m (19.5ms)[0m  INSERT INTO "schema_migrations" (version) VALUES ('20111119180638')
Connecting to database specified by database.yml
  [1m[36m (10.8ms)[0m  [1mSELECT "schema_migrations"."version" FROM "schema_migrations" [0m
  [1m[35m (0.5ms)[0m  select sqlite_version(*)
  [1m[36m (17.6ms)[0m  [1mCREATE TABLE "movies" ("id" INTEGER PRIMARY KEY AUTOINCREMENT NOT NULL, "title" varchar(255), "rating" varchar(255), "description" text, "release_date" datetime, "created_at" datetime, "updated_at" datetime, "director" varchar(255)) [0m
  [1m[35m (10.9ms)[0m  CREATE TABLE "schema_migrations" ("version" varchar(255) NOT NULL) 
  [1m[36m (12.8ms)[0m  [1mCREATE UNIQUE INDEX "unique_schema_migrations" ON "schema_migrations" ("version")[0m
  [1m[35m (0.2ms)[0m  SELECT version FROM "schema_migrations"
  [1m[36m (10.7ms)[0m  [1mINSERT INTO "schema_migrations" (version) VALUES ('20160329031118')[0m
  [1m[35m (14.6ms)[0m  INSERT INTO "schema_migrations" (version) VALUES ('20111119180638')
Connecting to database specified by database.yml
  [1m[36m (11.5ms)[0m  [1mSELECT "schema_migrations"."version" FROM "schema_migrations" [0m
Migrating to CreateMovies (20111119180638)
Migrating to AddDirectorToMovie (20160329031118)
  [1m[35m (0.1ms)[0m  select sqlite_version(*)
  [1m[36m (0.1ms)[0m  [1mSELECT "schema_migrations"."version" FROM "schema_migrations" [0m
Connecting to database specified by database.yml
  [1m[36m (5.9ms)[0m  [1mSELECT "schema_migrations"."version" FROM "schema_migrations" [0m
  [1m[35m (0.3ms)[0m  select sqlite_version(*)
  [1m[36m (13.3ms)[0m  [1mCREATE TABLE "movies" ("id" INTEGER PRIMARY KEY AUTOINCREMENT NOT NULL, "title" varchar(255), "rating" varchar(255), "description" text, "release_date" datetime, "created_at" datetime, "updated_at" datetime, "director" varchar(255)) [0m
  [1m[35m (8.4ms)[0m  CREATE TABLE "schema_migrations" ("version" varchar(255) NOT NULL) 
  [1m[36m (11.2ms)[0m  [1mCREATE UNIQUE INDEX "unique_schema_migrations" ON "schema_migrations" ("version")[0m
  [1m[35m (0.1ms)[0m  SELECT version FROM "schema_migrations"
  [1m[36m (10.6ms)[0m  [1mINSERT INTO "schema_migrations" (version) VALUES ('20160329031118')[0m
  [1m[35m (7.2ms)[0m  INSERT INTO "schema_migrations" (version) VALUES ('20111119180638')
Connecting to database specified by database.yml
  [1m[36m (6.2ms)[0m  [1mSELECT "schema_migrations"."version" FROM "schema_migrations" [0m
  [1m[35m (0.3ms)[0m  select sqlite_version(*)
  [1m[36m (12.0ms)[0m  [1mCREATE TABLE "movies" ("id" INTEGER PRIMARY KEY AUTOINCREMENT NOT NULL, "title" varchar(255), "rating" varchar(255), "description" text, "release_date" datetime, "created_at" datetime, "updated_at" datetime, "director" varchar(255)) [0m
  [1m[35m (9.5ms)[0m  CREATE TABLE "schema_migrations" ("version" varchar(255) NOT NULL) 
  [1m[36m (12.2ms)[0m  [1mCREATE UNIQUE INDEX "unique_schema_migrations" ON "schema_migrations" ("version")[0m
  [1m[35m (0.1ms)[0m  SELECT version FROM "schema_migrations"
  [1m[36m (7.8ms)[0m  [1mINSERT INTO "schema_migrations" (version) VALUES ('20160329031118')[0m
  [1m[35m (7.2ms)[0m  INSERT INTO "schema_migrations" (version) VALUES ('20111119180638')


Started GET "/" for 66.76.81.4 at 2016-04-02 03:30:44 +0000
Connecting to database specified by database.yml

ActionController::RoutingError (No route matches [GET] "/"):
  actionpack (3.2.18) lib/action_dispatch/middleware/debug_exceptions.rb:21:in `call'
  actionpack (3.2.18) lib/action_dispatch/middleware/show_exceptions.rb:56:in `call'
  railties (3.2.18) lib/rails/rack/logger.rb:32:in `call_app'
  railties (3.2.18) lib/rails/rack/logger.rb:16:in `block in call'
  activesupport (3.2.18) lib/active_support/tagged_logging.rb:22:in `tagged'
  railties (3.2.18) lib/rails/rack/logger.rb:16:in `call'
  actionpack (3.2.18) lib/action_dispatch/middleware/request_id.rb:22:in `call'
  rack (1.4.5) lib/rack/methodoverride.rb:21:in `call'
  rack (1.4.5) lib/rack/runtime.rb:17:in `call'
  activesupport (3.2.18) lib/active_support/cache/strategy/local_cache.rb:72:in `call'
  rack (1.4.5) lib/rack/lock.rb:15:in `call'
  actionpack (3.2.18) lib/action_dispatch/middleware/static.rb:63:in `call'
  railties (3.2.18) lib/rails/engine.rb:484:in `call'
  railties (3.2.18) lib/rails/application.rb:231:in `call'
  rack (1.4.5) lib/rack/content_length.rb:14:in `call'
  railties (3.2.18) lib/rails/rack/log_tailer.rb:17:in `call'
  rack (1.4.5) lib/rack/handler/webrick.rb:59:in `service'
  /usr/local/rvm/rubies/ruby-1.9.3-p551/lib/ruby/1.9.1/webrick/httpserver.rb:138:in `service'
  /usr/local/rvm/rubies/ruby-1.9.3-p551/lib/ruby/1.9.1/webrick/httpserver.rb:94:in `run'
  /usr/local/rvm/rubies/ruby-1.9.3-p551/lib/ruby/1.9.1/webrick/server.rb:191:in `block in start_thread'


  Rendered /usr/local/rvm/gems/ruby-1.9.3-p551/gems/actionpack-3.2.18/lib/action_dispatch/middleware/templates/rescues/routing_error.erb within rescues/layout (6.9ms)


Started GET "/movies" for 66.76.81.4 at 2016-04-02 03:32:51 +0000
Processing by MoviesController#index as HTML
  [1m[36mMovie Load (0.2ms)[0m  [1mSELECT "movies".* FROM "movies" WHERE 1=0[0m
  Rendered movies/index.html.haml within layouts/application (5.3ms)
Compiled application.css  (0ms)  (pid 25512)
Compiled jquery.js  (1ms)  (pid 25512)
Compiled jquery_ujs.js  (0ms)  (pid 25512)
Compiled application.js  (64ms)  (pid 25512)
Completed 200 OK in 223.2ms (Views: 102.9ms | ActiveRecord: 4.8ms)


Started GET "/assets/application.css?body=1" for 66.76.81.4 at 2016-04-02 03:32:52 +0000
Served asset /application.css - 200 OK (39ms)


Started GET "/assets/jquery.js?body=1" for 66.76.81.4 at 2016-04-02 03:32:52 +0000
Served asset /jquery.js - 200 OK (4ms)


Started GET "/assets/application.js?body=1" for 66.76.81.4 at 2016-04-02 03:32:52 +0000
Served asset /application.js - 200 OK (5ms)


Started GET "/assets/jquery_ujs.js?body=1" for 66.76.81.4 at 2016-04-02 03:32:52 +0000
Served asset /jquery_ujs.js - 200 OK (2ms)


Started GET "/movies/new" for 66.76.81.4 at 2016-04-02 03:33:25 +0000
Processing by MoviesController#new as HTML
  Rendered movies/new.html.haml within layouts/application (10.3ms)
Completed 200 OK in 15.1ms (Views: 14.7ms | ActiveRecord: 0.0ms)


Started GET "/assets/application.css?body=1" for 66.76.81.4 at 2016-04-02 03:33:26 +0000
Served asset /application.css - 304 Not Modified (0ms)


Started GET "/assets/application.js?body=1" for 66.76.81.4 at 2016-04-02 03:33:26 +0000
Served asset /application.js - 304 Not Modified (1ms)


Started POST "/movies" for 66.76.81.4 at 2016-04-02 03:33:30 +0000
Processing by MoviesController#create as HTML
  Parameters: {"utf8"=>"✓", "authenticity_token"=>"fCTEcyDftu0q7weYsexLXagYM6d82QgBB0RQySPJ6zY=", "movie"=>{"title"=>"Hello", "rating"=>"G", "release_date(1i)"=>"2016", "release_date(2i)"=>"4", "release_date(3i)"=>"2"}, "commit"=>"Save Changes"}
  [1m[35m (0.1ms)[0m  begin transaction
  [1m[36mSQL (13.2ms)[0m  [1mINSERT INTO "movies" ("created_at", "description", "director", "rating", "release_date", "title", "updated_at") VALUES (?, ?, ?, ?, ?, ?, ?)[0m  [["created_at", Sat, 02 Apr 2016 03:33:30 UTC +00:00], ["description", nil], ["director", nil], ["rating", "G"], ["release_date", Sat, 02 Apr 2016 00:00:00 UTC +00:00], ["title", "Hello"], ["updated_at", Sat, 02 Apr 2016 03:33:30 UTC +00:00]]
  [1m[35m (13.4ms)[0m  commit transaction
Redirected to https://hw3-bluyam.c9users.io/movies
Completed 302 Found in 41.3ms (ActiveRecord: 26.7ms)


Started GET "/movies" for 66.76.81.4 at 2016-04-02 03:33:30 +0000
Processing by MoviesController#index as HTML
  [1m[36mMovie Load (0.3ms)[0m  [1mSELECT "movies".* FROM "movies" WHERE 1=0[0m
  Rendered movies/index.html.haml within layouts/application (1.7ms)
Completed 200 OK in 7.3ms (Views: 5.9ms | ActiveRecord: 0.3ms)


Started GET "/assets/application.css?body=1" for 66.76.81.4 at 2016-04-02 03:33:30 +0000
Served asset /application.css - 304 Not Modified (0ms)


Started GET "/assets/application.js?body=1" for 66.76.81.4 at 2016-04-02 03:33:30 +0000
Served asset /application.js - 304 Not Modified (1ms)


Started GET "/movies?utf8=%E2%9C%93&ratings%5BNC-17%5D=1&commit=Refresh" for 66.76.81.4 at 2016-04-02 03:33:44 +0000
Processing by MoviesController#index as HTML
  Parameters: {"utf8"=>"✓", "ratings"=>{"NC-17"=>"1"}, "commit"=>"Refresh"}
Redirected to https://hw3-bluyam.c9users.io/movies?ratings%5BNC-17%5D=1
Completed 302 Found in 0.7ms (ActiveRecord: 0.0ms)


Started GET "/movies?ratings%5BNC-17%5D=1" for 66.76.81.4 at 2016-04-02 03:33:44 +0000
Processing by MoviesController#index as HTML
  Parameters: {"ratings"=>{"NC-17"=>"1"}}
  [1m[35mMovie Load (0.3ms)[0m  SELECT "movies".* FROM "movies" WHERE "movies"."rating" IN ('NC-17')
  Rendered movies/index.html.haml within layouts/application (2.0ms)
Completed 200 OK in 7.6ms (Views: 6.2ms | ActiveRecord: 0.3ms)


Started GET "/assets/application.css?body=1" for 66.76.81.4 at 2016-04-02 03:33:45 +0000
Served asset /application.css - 304 Not Modified (0ms)


Started GET "/assets/application.js?body=1" for 66.76.81.4 at 2016-04-02 03:33:45 +0000
Served asset /application.js - 304 Not Modified (1ms)


Started GET "/movies?utf8=%E2%9C%93&ratings%5BG%5D=1&ratings%5BNC-17%5D=1&commit=Refresh" for 66.76.81.4 at 2016-04-02 03:33:49 +0000
Processing by MoviesController#index as HTML
  Parameters: {"utf8"=>"✓", "ratings"=>{"G"=>"1", "NC-17"=>"1"}, "commit"=>"Refresh"}
Redirected to https://hw3-bluyam.c9users.io/movies?ratings%5BG%5D=1&ratings%5BNC-17%5D=1
Completed 302 Found in 0.7ms (ActiveRecord: 0.0ms)


Started GET "/movies?ratings%5BG%5D=1&ratings%5BNC-17%5D=1" for 66.76.81.4 at 2016-04-02 03:33:49 +0000
Processing by MoviesController#index as HTML
  Parameters: {"ratings"=>{"G"=>"1", "NC-17"=>"1"}}
  [1m[36mMovie Load (0.3ms)[0m  [1mSELECT "movies".* FROM "movies" WHERE "movies"."rating" IN ('G', 'NC-17')[0m
  Rendered movies/index.html.haml within layouts/application (4.0ms)
Completed 200 OK in 10.3ms (Views: 8.5ms | ActiveRecord: 0.3ms)


Started GET "/assets/application.css?body=1" for 66.76.81.4 at 2016-04-02 03:33:49 +0000
Served asset /application.css - 304 Not Modified (0ms)


Started GET "/assets/application.js?body=1" for 66.76.81.4 at 2016-04-02 03:33:49 +0000
Served asset /application.js - 304 Not Modified (1ms)


Started GET "/movies?utf8=%E2%9C%93&ratings%5BG%5D=1&commit=Refresh" for 66.76.81.4 at 2016-04-02 03:33:54 +0000
Processing by MoviesController#index as HTML
  Parameters: {"utf8"=>"✓", "ratings"=>{"G"=>"1"}, "commit"=>"Refresh"}
Redirected to https://hw3-bluyam.c9users.io/movies?ratings%5BG%5D=1
Completed 302 Found in 0.7ms (ActiveRecord: 0.0ms)


Started GET "/movies?ratings%5BG%5D=1" for 66.76.81.4 at 2016-04-02 03:33:54 +0000
Processing by MoviesController#index as HTML
  Parameters: {"ratings"=>{"G"=>"1"}}
  [1m[35mMovie Load (0.3ms)[0m  SELECT "movies".* FROM "movies" WHERE "movies"."rating" IN ('G')
  Rendered movies/index.html.haml within layouts/application (4.2ms)
Completed 200 OK in 10.5ms (Views: 8.8ms | ActiveRecord: 0.3ms)


Started GET "/assets/application.css?body=1" for 66.76.81.4 at 2016-04-02 03:33:54 +0000
Served asset /application.css - 304 Not Modified (0ms)


Started GET "/assets/application.js?body=1" for 66.76.81.4 at 2016-04-02 03:33:54 +0000
Served asset /application.js - 304 Not Modified (1ms)


Started GET "/movies?ratings%5BG%5D=1" for 66.76.81.4 at 2016-04-02 03:39:47 +0000
Connecting to database specified by database.yml
Processing by MoviesController#index as HTML
  Parameters: {"ratings"=>{"G"=>"1"}}
  [1m[36mMovie Load (0.3ms)[0m  [1mSELECT "movies".* FROM "movies" WHERE "movies"."rating" IN ('G')[0m
  Rendered movies/index.html.haml within layouts/application (19.2ms)
Completed 200 OK in 282.7ms (Views: 96.6ms | ActiveRecord: 4.1ms)


Started GET "/assets/application.css?body=1" for 66.76.81.4 at 2016-04-02 03:39:50 +0000
Served asset /application.css - 304 Not Modified (2ms)


Started GET "/assets/jquery.js?body=1" for 66.76.81.4 at 2016-04-02 03:39:50 +0000
Served asset /jquery.js - 304 Not Modified (3ms)


Started GET "/assets/jquery_ujs.js?body=1" for 66.76.81.4 at 2016-04-02 03:39:50 +0000
Served asset /jquery_ujs.js - 304 Not Modified (4ms)


Started GET "/assets/application.js?body=1" for 66.76.81.4 at 2016-04-02 03:39:50 +0000
Served asset /application.js - 304 Not Modified (6ms)


Started GET "/movies?ratings%5BG%5D=1" for 66.76.81.4 at 2016-04-02 03:43:36 +0000
Connecting to database specified by database.yml
Processing by MoviesController#index as HTML
  Parameters: {"ratings"=>{"G"=>"1"}}
  [1m[36mMovie Load (0.3ms)[0m  [1mSELECT "movies".* FROM "movies" WHERE "movies"."rating" IN ('G')[0m
  Rendered movies/index.html.haml within layouts/application (15.5ms)
Completed 200 OK in 285.7ms (Views: 93.4ms | ActiveRecord: 6.0ms)


Started GET "/assets/application.css?body=1" for 66.76.81.4 at 2016-04-02 03:43:38 +0000
Served asset /application.css - 304 Not Modified (2ms)


Started GET "/assets/jquery_ujs.js?body=1" for 66.76.81.4 at 2016-04-02 03:43:38 +0000
Served asset /jquery_ujs.js - 304 Not Modified (3ms)


Started GET "/assets/application.js?body=1" for 66.76.81.4 at 2016-04-02 03:43:38 +0000
Served asset /application.js - 304 Not Modified (6ms)


Started GET "/assets/jquery.js?body=1" for 66.76.81.4 at 2016-04-02 03:43:38 +0000
Served asset /jquery.js - 304 Not Modified (5ms)


Started GET "/" for 66.76.81.4 at 2016-04-02 03:43:43 +0000
Processing by MoviesController#index as HTML
Redirected to https://hw3-bluyam.c9users.io/movies?ratings%5BG%5D=1
Completed 302 Found in 0.7ms (ActiveRecord: 0.0ms)


Started GET "/movies?ratings%5BG%5D=1" for 66.76.81.4 at 2016-04-02 03:43:43 +0000
Processing by MoviesController#index as HTML
  Parameters: {"ratings"=>{"G"=>"1"}}
  [1m[35mMovie Load (0.4ms)[0m  SELECT "movies".* FROM "movies" WHERE "movies"."rating" IN ('G')
  Rendered movies/index.html.haml within layouts/application (4.4ms)
Completed 200 OK in 12.8ms (Views: 11.0ms | ActiveRecord: 0.4ms)


Started GET "/assets/application.css?body=1" for 66.76.81.4 at 2016-04-02 03:43:43 +0000
Served asset /application.css - 304 Not Modified (0ms)


Started GET "/assets/jquery_ujs.js?body=1" for 66.76.81.4 at 2016-04-02 03:43:43 +0000
Served asset /jquery_ujs.js - 304 Not Modified (0ms)


Started GET "/assets/application.js?body=1" for 66.76.81.4 at 2016-04-02 03:43:43 +0000
Served asset /application.js - 304 Not Modified (1ms)


Started GET "/assets/jquery.js?body=1" for 66.76.81.4 at 2016-04-02 03:43:43 +0000
Served asset /jquery.js - 304 Not Modified (1ms)


Started GET "/movies" for 66.76.81.4 at 2016-04-02 03:43:46 +0000
Processing by MoviesController#index as HTML
Redirected to https://hw3-bluyam.c9users.io/movies?ratings%5BG%5D=1
Completed 302 Found in 0.6ms (ActiveRecord: 0.0ms)


Started GET "/movies?ratings%5BG%5D=1" for 66.76.81.4 at 2016-04-02 03:43:46 +0000
Processing by MoviesController#index as HTML
  Parameters: {"ratings"=>{"G"=>"1"}}
  [1m[36mMovie Load (0.3ms)[0m  [1mSELECT "movies".* FROM "movies" WHERE "movies"."rating" IN ('G')[0m
  Rendered movies/index.html.haml within layouts/application (6.2ms)
Completed 200 OK in 14.8ms (Views: 13.1ms | ActiveRecord: 0.3ms)


Started GET "/assets/application.css?body=1" for 66.76.81.4 at 2016-04-02 03:43:47 +0000
Served asset /application.css - 304 Not Modified (3ms)


Started GET "/assets/jquery.js?body=1" for 66.76.81.4 at 2016-04-02 03:43:47 +0000
Served asset /jquery.js - 304 Not Modified (1ms)


Started GET "/assets/jquery_ujs.js?body=1" for 66.76.81.4 at 2016-04-02 03:43:47 +0000
Served asset /jquery_ujs.js - 304 Not Modified (0ms)


Started GET "/assets/application.js?body=1" for 66.76.81.4 at 2016-04-02 03:43:47 +0000
Served asset /application.js - 304 Not Modified (1ms)


Started GET "/" for 66.76.81.4 at 2016-04-02 03:43:51 +0000
Processing by MoviesController#index as HTML
Redirected to https://hw3-bluyam.c9users.io/movies?ratings%5BG%5D=1
Completed 302 Found in 0.6ms (ActiveRecord: 0.0ms)


Started GET "/movies?ratings%5BG%5D=1" for 66.76.81.4 at 2016-04-02 03:43:51 +0000
Processing by MoviesController#index as HTML
  Parameters: {"ratings"=>{"G"=>"1"}}
  [1m[35mMovie Load (0.3ms)[0m  SELECT "movies".* FROM "movies" WHERE "movies"."rating" IN ('G')
  Rendered movies/index.html.haml within layouts/application (4.3ms)
Completed 200 OK in 12.8ms (Views: 11.1ms | ActiveRecord: 0.3ms)


Started GET "/assets/application.css?body=1" for 66.76.81.4 at 2016-04-02 03:43:51 +0000
Served asset /application.css - 304 Not Modified (0ms)


Started GET "/assets/jquery_ujs.js?body=1" for 66.76.81.4 at 2016-04-02 03:43:51 +0000
Served asset /jquery_ujs.js - 304 Not Modified (0ms)


Started GET "/assets/jquery.js?body=1" for 66.76.81.4 at 2016-04-02 03:43:51 +0000
Served asset /jquery.js - 304 Not Modified (2ms)


Started GET "/assets/application.js?body=1" for 66.76.81.4 at 2016-04-02 03:43:51 +0000
Served asset /application.js - 304 Not Modified (1ms)


Started GET "/movies?ratings%5BG%5D=1" for 66.76.81.4 at 2016-04-02 03:43:56 +0000
Processing by MoviesController#index as HTML
  Parameters: {"ratings"=>{"G"=>"1"}}
  [1m[36mMovie Load (0.2ms)[0m  [1mSELECT "movies".* FROM "movies" WHERE "movies"."rating" IN ('G')[0m
  Rendered movies/index.html.haml within layouts/application (5.0ms)
Completed 200 OK in 12.4ms (Views: 10.9ms | ActiveRecord: 0.2ms)


Started GET "/assets/jquery_ujs.js?body=1" for 66.76.81.4 at 2016-04-02 03:43:56 +0000
Served asset /jquery_ujs.js - 304 Not Modified (0ms)


Started GET "/assets/application.js?body=1" for 66.76.81.4 at 2016-04-02 03:43:56 +0000
Served asset /application.js - 304 Not Modified (5ms)


Started GET "/assets/jquery.js?body=1" for 66.76.81.4 at 2016-04-02 03:43:56 +0000
Served asset /jquery.js - 304 Not Modified (1ms)


Started GET "/assets/application.css?body=1" for 66.76.81.4 at 2016-04-02 03:43:56 +0000
Served asset /application.css - 304 Not Modified (0ms)


Started GET "/" for 66.76.81.4 at 2016-04-02 03:44:02 +0000
Processing by MoviesController#index as HTML
Redirected to https://hw3-bluyam.c9users.io/movies?ratings%5BG%5D=1
Completed 302 Found in 1.2ms (ActiveRecord: 0.0ms)


Started GET "/movies?ratings%5BG%5D=1" for 66.76.81.4 at 2016-04-02 03:44:02 +0000
Processing by MoviesController#index as HTML
  Parameters: {"ratings"=>{"G"=>"1"}}
  [1m[35mMovie Load (0.3ms)[0m  SELECT "movies".* FROM "movies" WHERE "movies"."rating" IN ('G')
  Rendered movies/index.html.haml within layouts/application (4.3ms)
Completed 200 OK in 12.5ms (Views: 10.8ms | ActiveRecord: 0.3ms)


Started GET "/assets/application.css?body=1" for 66.76.81.4 at 2016-04-02 03:44:03 +0000
Served asset /application.css - 304 Not Modified (0ms)


Started GET "/assets/jquery.js?body=1" for 66.76.81.4 at 2016-04-02 03:44:03 +0000
Served asset /jquery.js - 304 Not Modified (0ms)


Started GET "/assets/jquery_ujs.js?body=1" for 66.76.81.4 at 2016-04-02 03:44:03 +0000
Served asset /jquery_ujs.js - 304 Not Modified (0ms)


Started GET "/assets/application.js?body=1" for 66.76.81.4 at 2016-04-02 03:44:03 +0000
Served asset /application.js - 304 Not Modified (1ms)


Started GET "/movies?utf8=%E2%9C%93&ratings%5BG%5D=1&ratings%5BPG%5D=1&ratings%5BNC-17%5D=1&commit=Refresh" for 66.76.81.4 at 2016-04-02 03:44:11 +0000
Processing by MoviesController#index as HTML
  Parameters: {"utf8"=>"✓", "ratings"=>{"G"=>"1", "PG"=>"1", "NC-17"=>"1"}, "commit"=>"Refresh"}
Redirected to https://hw3-bluyam.c9users.io/movies?ratings%5BG%5D=1&ratings%5BNC-17%5D=1&ratings%5BPG%5D=1
Completed 302 Found in 0.8ms (ActiveRecord: 0.0ms)


Started GET "/movies?ratings%5BG%5D=1&ratings%5BNC-17%5D=1&ratings%5BPG%5D=1" for 66.76.81.4 at 2016-04-02 03:44:11 +0000
Processing by MoviesController#index as HTML
  Parameters: {"ratings"=>{"G"=>"1", "NC-17"=>"1", "PG"=>"1"}}
  [1m[36mMovie Load (0.3ms)[0m  [1mSELECT "movies".* FROM "movies" WHERE "movies"."rating" IN ('G', 'NC-17', 'PG')[0m
  Rendered movies/index.html.haml within layouts/application (6.3ms)
Completed 200 OK in 15.2ms (Views: 12.9ms | ActiveRecord: 0.3ms)


Started GET "/assets/application.css?body=1" for 66.76.81.4 at 2016-04-02 03:44:12 +0000
Served asset /application.css - 304 Not Modified (0ms)


Started GET "/assets/jquery.js?body=1" for 66.76.81.4 at 2016-04-02 03:44:12 +0000
Served asset /jquery.js - 304 Not Modified (0ms)


Started GET "/assets/jquery_ujs.js?body=1" for 66.76.81.4 at 2016-04-02 03:44:12 +0000
Served asset /jquery_ujs.js - 304 Not Modified (71ms)


Started GET "/assets/application.js?body=1" for 66.76.81.4 at 2016-04-02 03:44:12 +0000
Served asset /application.js - 304 Not Modified (1ms)


Started GET "/" for 66.76.81.4 at 2016-04-02 03:44:20 +0000
Processing by MoviesController#index as HTML
Redirected to https://hw3-bluyam.c9users.io/movies?ratings%5BG%5D=1&ratings%5BNC-17%5D=1&ratings%5BPG%5D=1
Completed 302 Found in 0.7ms (ActiveRecord: 0.0ms)


Started GET "/movies?ratings%5BG%5D=1&ratings%5BNC-17%5D=1&ratings%5BPG%5D=1" for 66.76.81.4 at 2016-04-02 03:44:20 +0000
Processing by MoviesController#index as HTML
  Parameters: {"ratings"=>{"G"=>"1", "NC-17"=>"1", "PG"=>"1"}}
  [1m[35mMovie Load (0.4ms)[0m  SELECT "movies".* FROM "movies" WHERE "movies"."rating" IN ('G', 'NC-17', 'PG')
  Rendered movies/index.html.haml within layouts/application (7.6ms)
Completed 200 OK in 17.3ms (Views: 15.0ms | ActiveRecord: 0.4ms)


Started GET "/assets/application.css?body=1" for 66.76.81.4 at 2016-04-02 03:44:20 +0000
Served asset /application.css - 304 Not Modified (1ms)


Started GET "/assets/jquery.js?body=1" for 66.76.81.4 at 2016-04-02 03:44:20 +0000
Served asset /jquery.js - 304 Not Modified (2ms)


Started GET "/assets/jquery_ujs.js?body=1" for 66.76.81.4 at 2016-04-02 03:44:20 +0000
Served asset /jquery_ujs.js - 304 Not Modified (0ms)


Started GET "/assets/application.js?body=1" for 66.76.81.4 at 2016-04-02 03:44:20 +0000
Served asset /application.js - 304 Not Modified (1ms)


Started GET "/movies?utf8=%E2%9C%93&ratings%5BG%5D=1&ratings%5BPG%5D=1&ratings%5BNC-17%5D=1&commit=Refresh" for 66.76.81.4 at 2016-04-02 03:44:22 +0000
Processing by MoviesController#index as HTML
  Parameters: {"utf8"=>"✓", "ratings"=>{"G"=>"1", "PG"=>"1", "NC-17"=>"1"}, "commit"=>"Refresh"}
  [1m[36mMovie Load (0.4ms)[0m  [1mSELECT "movies".* FROM "movies" WHERE "movies"."rating" IN ('G', 'PG', 'NC-17')[0m
  Rendered movies/index.html.haml within layouts/application (7.3ms)
Completed 200 OK in 17.0ms (Views: 14.6ms | ActiveRecord: 0.4ms)


Started GET "/assets/application.css?body=1" for 66.76.81.4 at 2016-04-02 03:44:22 +0000
Served asset /application.css - 304 Not Modified (0ms)


Started GET "/assets/jquery_ujs.js?body=1" for 66.76.81.4 at 2016-04-02 03:44:22 +0000
Served asset /jquery_ujs.js - 304 Not Modified (0ms)


Started GET "/assets/jquery.js?body=1" for 66.76.81.4 at 2016-04-02 03:44:22 +0000
Served asset /jquery.js - 304 Not Modified (1ms)


Started GET "/assets/application.js?body=1" for 66.76.81.4 at 2016-04-02 03:44:22 +0000
Served asset /application.js - 304 Not Modified (2ms)


Started GET "/" for 66.76.81.4 at 2016-04-02 03:44:25 +0000
Processing by MoviesController#index as HTML
Redirected to https://hw3-bluyam.c9users.io/movies?ratings%5BG%5D=1&ratings%5BNC-17%5D=1&ratings%5BPG%5D=1
Completed 302 Found in 0.7ms (ActiveRecord: 0.0ms)


Started GET "/movies?ratings%5BG%5D=1&ratings%5BNC-17%5D=1&ratings%5BPG%5D=1" for 66.76.81.4 at 2016-04-02 03:44:25 +0000
Processing by MoviesController#index as HTML
  Parameters: {"ratings"=>{"G"=>"1", "NC-17"=>"1", "PG"=>"1"}}
  [1m[35mMovie Load (0.3ms)[0m  SELECT "movies".* FROM "movies" WHERE "movies"."rating" IN ('G', 'NC-17', 'PG')
  Rendered movies/index.html.haml within layouts/application (6.9ms)
Completed 200 OK in 15.3ms (Views: 13.4ms | ActiveRecord: 0.3ms)


Started GET "/assets/jquery.js?body=1" for 66.76.81.4 at 2016-04-02 03:44:26 +0000
Served asset /jquery.js - 304 Not Modified (6ms)


Started GET "/assets/application.css?body=1" for 66.76.81.4 at 2016-04-02 03:44:26 +0000
Served asset /application.css - 304 Not Modified (0ms)


Started GET "/assets/application.js?body=1" for 66.76.81.4 at 2016-04-02 03:44:26 +0000
Served asset /application.js - 304 Not Modified (1ms)


Started GET "/assets/jquery_ujs.js?body=1" for 66.76.81.4 at 2016-04-02 03:44:26 +0000
Served asset /jquery_ujs.js - 304 Not Modified (0ms)


Started GET "/movies?utf8=%E2%9C%93&ratings%5BG%5D=1&ratings%5BPG%5D=1&commit=Refresh" for 66.76.81.4 at 2016-04-02 03:44:29 +0000
Processing by MoviesController#index as HTML
  Parameters: {"utf8"=>"✓", "ratings"=>{"G"=>"1", "PG"=>"1"}, "commit"=>"Refresh"}
Redirected to https://hw3-bluyam.c9users.io/movies?ratings%5BG%5D=1&ratings%5BPG%5D=1
Completed 302 Found in 0.9ms (ActiveRecord: 0.0ms)


Started GET "/movies?ratings%5BG%5D=1&ratings%5BPG%5D=1" for 66.76.81.4 at 2016-04-02 03:44:29 +0000
Processing by MoviesController#index as HTML
  Parameters: {"ratings"=>{"G"=>"1", "PG"=>"1"}}
  [1m[36mMovie Load (0.4ms)[0m  [1mSELECT "movies".* FROM "movies" WHERE "movies"."rating" IN ('G', 'PG')[0m
  Rendered movies/index.html.haml within layouts/application (6.9ms)
Completed 200 OK in 16.0ms (Views: 13.6ms | ActiveRecord: 0.4ms)


Started GET "/assets/application.css?body=1" for 66.76.81.4 at 2016-04-02 03:44:29 +0000
Served asset /application.css - 304 Not Modified (0ms)


Started GET "/assets/jquery.js?body=1" for 66.76.81.4 at 2016-04-02 03:44:29 +0000
Served asset /jquery.js - 304 Not Modified (0ms)


Started GET "/assets/application.js?body=1" for 66.76.81.4 at 2016-04-02 03:44:29 +0000
Served asset /application.js - 304 Not Modified (2ms)


Started GET "/assets/jquery_ujs.js?body=1" for 66.76.81.4 at 2016-04-02 03:44:29 +0000
Served asset /jquery_ujs.js - 304 Not Modified (0ms)


Started GET "/movies?utf8=%E2%9C%93&ratings%5BG%5D=1&ratings%5BPG%5D=1&ratings%5BNC-17%5D=1&ratings%5BR%5D=1&commit=Refresh" for 66.76.81.4 at 2016-04-02 03:44:32 +0000
Processing by MoviesController#index as HTML
  Parameters: {"utf8"=>"✓", "ratings"=>{"G"=>"1", "PG"=>"1", "NC-17"=>"1", "R"=>"1"}, "commit"=>"Refresh"}
Redirected to https://hw3-bluyam.c9users.io/movies?ratings%5BG%5D=1&ratings%5BNC-17%5D=1&ratings%5BPG%5D=1&ratings%5BR%5D=1
Completed 302 Found in 0.9ms (ActiveRecord: 0.0ms)


Started GET "/movies?ratings%5BG%5D=1&ratings%5BNC-17%5D=1&ratings%5BPG%5D=1&ratings%5BR%5D=1" for 66.76.81.4 at 2016-04-02 03:44:32 +0000
Processing by MoviesController#index as HTML
  Parameters: {"ratings"=>{"G"=>"1", "NC-17"=>"1", "PG"=>"1", "R"=>"1"}}
  [1m[35mMovie Load (0.3ms)[0m  SELECT "movies".* FROM "movies" WHERE "movies"."rating" IN ('G', 'NC-17', 'PG', 'R')
  Rendered movies/index.html.haml within layouts/application (12.2ms)
Completed 200 OK in 23.2ms (Views: 20.8ms | ActiveRecord: 0.3ms)


Started GET "/assets/application.css?body=1" for 66.76.81.4 at 2016-04-02 03:44:32 +0000
Served asset /application.css - 304 Not Modified (0ms)


Started GET "/assets/jquery.js?body=1" for 66.76.81.4 at 2016-04-02 03:44:32 +0000
Served asset /jquery.js - 304 Not Modified (4ms)


Started GET "/assets/jquery_ujs.js?body=1" for 66.76.81.4 at 2016-04-02 03:44:32 +0000
Served asset /jquery_ujs.js - 304 Not Modified (0ms)


Started GET "/assets/application.js?body=1" for 66.76.81.4 at 2016-04-02 03:44:32 +0000
Served asset /application.js - 304 Not Modified (2ms)


Started GET "/movies?utf8=%E2%9C%93&ratings%5BG%5D=1&ratings%5BPG%5D=1&ratings%5BPG-13%5D=1&ratings%5BNC-17%5D=1&ratings%5BR%5D=1&commit=Refresh" for 66.76.81.4 at 2016-04-02 03:44:37 +0000
Processing by MoviesController#index as HTML
  Parameters: {"utf8"=>"✓", "ratings"=>{"G"=>"1", "PG"=>"1", "PG-13"=>"1", "NC-17"=>"1", "R"=>"1"}, "commit"=>"Refresh"}
Redirected to https://hw3-bluyam.c9users.io/movies?ratings%5BG%5D=1&ratings%5BNC-17%5D=1&ratings%5BPG%5D=1&ratings%5BPG-13%5D=1&ratings%5BR%5D=1
Completed 302 Found in 0.7ms (ActiveRecord: 0.0ms)


Started GET "/movies?ratings%5BG%5D=1&ratings%5BNC-17%5D=1&ratings%5BPG%5D=1&ratings%5BPG-13%5D=1&ratings%5BR%5D=1" for 66.76.81.4 at 2016-04-02 03:44:37 +0000
Processing by MoviesController#index as HTML
  Parameters: {"ratings"=>{"G"=>"1", "NC-17"=>"1", "PG"=>"1", "PG-13"=>"1", "R"=>"1"}}
  [1m[36mMovie Load (0.3ms)[0m  [1mSELECT "movies".* FROM "movies" WHERE "movies"."rating" IN ('G', 'NC-17', 'PG', 'PG-13', 'R')[0m
  Rendered movies/index.html.haml within layouts/application (10.1ms)
Completed 200 OK in 19.1ms (Views: 17.2ms | ActiveRecord: 0.3ms)


Started GET "/assets/jquery_ujs.js?body=1" for 66.76.81.4 at 2016-04-02 03:44:37 +0000
Served asset /jquery_ujs.js - 304 Not Modified (2ms)


Started GET "/assets/application.css?body=1" for 66.76.81.4 at 2016-04-02 03:44:37 +0000
Served asset /application.css - 304 Not Modified (0ms)


Started GET "/assets/application.js?body=1" for 66.76.81.4 at 2016-04-02 03:44:37 +0000
Served asset /application.js - 304 Not Modified (1ms)


Started GET "/assets/jquery.js?body=1" for 66.76.81.4 at 2016-04-02 03:44:37 +0000
Served asset /jquery.js - 304 Not Modified (1ms)


Started GET "/" for 66.76.81.4 at 2016-04-02 03:44:40 +0000
Processing by MoviesController#index as HTML
Redirected to https://hw3-bluyam.c9users.io/movies?ratings%5BG%5D=1&ratings%5BNC-17%5D=1&ratings%5BPG%5D=1&ratings%5BPG-13%5D=1&ratings%5BR%5D=1
Completed 302 Found in 0.8ms (ActiveRecord: 0.0ms)


Started GET "/movies?ratings%5BG%5D=1&ratings%5BNC-17%5D=1&ratings%5BPG%5D=1&ratings%5BPG-13%5D=1&ratings%5BR%5D=1" for 66.76.81.4 at 2016-04-02 03:44:41 +0000
Processing by MoviesController#index as HTML
  Parameters: {"ratings"=>{"G"=>"1", "NC-17"=>"1", "PG"=>"1", "PG-13"=>"1", "R"=>"1"}}
  [1m[35mMovie Load (0.5ms)[0m  SELECT "movies".* FROM "movies" WHERE "movies"."rating" IN ('G', 'NC-17', 'PG', 'PG-13', 'R')
  Rendered movies/index.html.haml within layouts/application (9.8ms)
Completed 200 OK in 19.3ms (Views: 16.6ms | ActiveRecord: 0.5ms)


Started GET "/assets/application.js?body=1" for 66.76.81.4 at 2016-04-02 03:44:41 +0000
Served asset /application.js - 304 Not Modified (3ms)


Started GET "/assets/application.css?body=1" for 66.76.81.4 at 2016-04-02 03:44:41 +0000
Served asset /application.css - 304 Not Modified (1ms)


Started GET "/assets/jquery_ujs.js?body=1" for 66.76.81.4 at 2016-04-02 03:44:41 +0000
Served asset /jquery_ujs.js - 304 Not Modified (0ms)


Started GET "/assets/jquery.js?body=1" for 66.76.81.4 at 2016-04-02 03:44:41 +0000
Served asset /jquery.js - 304 Not Modified (0ms)


Started GET "/movies?ratings%5BG%5D=1&ratings%5BNC-17%5D=1&ratings%5BPG%5D=1&ratings%5BPG-13%5D=1&ratings%5BR%5D=1" for 66.76.81.4 at 2016-04-02 03:59:07 +0000
Connecting to database specified by database.yml
Processing by MoviesController#index as HTML
  Parameters: {"ratings"=>{"G"=>"1", "NC-17"=>"1", "PG"=>"1", "PG-13"=>"1", "R"=>"1"}}
  [1m[36mMovie Load (0.5ms)[0m  [1mSELECT "movies".* FROM "movies" WHERE "movies"."rating" IN ('G', 'NC-17', 'PG', 'PG-13', 'R')[0m
  Rendered movies/index.html.haml within layouts/application (28.3ms)
Completed 200 OK in 332.5ms (Views: 117.0ms | ActiveRecord: 5.8ms)


Started GET "/assets/jquery.js?body=1" for 66.76.81.4 at 2016-04-02 03:59:10 +0000
Served asset /jquery.js - 304 Not Modified (9ms)


Started GET "/assets/application.css?body=1" for 66.76.81.4 at 2016-04-02 03:59:10 +0000
Served asset /application.css - 304 Not Modified (2ms)


Started GET "/assets/jquery_ujs.js?body=1" for 66.76.81.4 at 2016-04-02 03:59:10 +0000
Served asset /jquery_ujs.js - 304 Not Modified (5ms)


Started GET "/assets/application.js?body=1" for 66.76.81.4 at 2016-04-02 03:59:10 +0000
Served asset /application.js - 304 Not Modified (8ms)


Started GET "/movies" for 66.76.81.4 at 2016-04-02 03:59:14 +0000
Processing by MoviesController#index as HTML
Redirected to https://hw3-bluyam.c9users.io/movies?ratings%5BG%5D=1&ratings%5BNC-17%5D=1&ratings%5BPG%5D=1&ratings%5BPG-13%5D=1&ratings%5BR%5D=1
Completed 302 Found in 1.2ms (ActiveRecord: 0.0ms)


Started GET "/movies?ratings%5BG%5D=1&ratings%5BNC-17%5D=1&ratings%5BPG%5D=1&ratings%5BPG-13%5D=1&ratings%5BR%5D=1" for 66.76.81.4 at 2016-04-02 03:59:14 +0000
Processing by MoviesController#index as HTML
  Parameters: {"ratings"=>{"G"=>"1", "NC-17"=>"1", "PG"=>"1", "PG-13"=>"1", "R"=>"1"}}
  [1m[35mMovie Load (0.4ms)[0m  SELECT "movies".* FROM "movies" WHERE "movies"."rating" IN ('G', 'NC-17', 'PG', 'PG-13', 'R')
  Rendered movies/index.html.haml within layouts/application (11.7ms)
Completed 200 OK in 22.4ms (Views: 19.8ms | ActiveRecord: 0.4ms)


Started GET "/assets/application.css?body=1" for 66.76.81.4 at 2016-04-02 03:59:15 +0000
Served asset /application.css - 304 Not Modified (0ms)


Started GET "/assets/jquery.js?body=1" for 66.76.81.4 at 2016-04-02 03:59:15 +0000
Served asset /jquery.js - 304 Not Modified (1ms)


Started GET "/assets/jquery_ujs.js?body=1" for 66.76.81.4 at 2016-04-02 03:59:15 +0000
Served asset /jquery_ujs.js - 304 Not Modified (0ms)


Started GET "/assets/application.js?body=1" for 66.76.81.4 at 2016-04-02 03:59:15 +0000
Served asset /application.js - 304 Not Modified (2ms)


Started GET "/movies?utf8=%E2%9C%93&commit=Refresh" for 66.76.81.4 at 2016-04-02 03:59:20 +0000
Processing by MoviesController#index as HTML
  Parameters: {"utf8"=>"✓", "commit"=>"Refresh"}
Redirected to https://hw3-bluyam.c9users.io/movies?ratings%5BG%5D=1&ratings%5BNC-17%5D=1&ratings%5BPG%5D=1&ratings%5BPG-13%5D=1&ratings%5BR%5D=1
Completed 302 Found in 1.0ms (ActiveRecord: 0.0ms)


Started GET "/movies?ratings%5BG%5D=1&ratings%5BNC-17%5D=1&ratings%5BPG%5D=1&ratings%5BPG-13%5D=1&ratings%5BR%5D=1" for 66.76.81.4 at 2016-04-02 03:59:20 +0000
Processing by MoviesController#index as HTML
  Parameters: {"ratings"=>{"G"=>"1", "NC-17"=>"1", "PG"=>"1", "PG-13"=>"1", "R"=>"1"}}
  [1m[36mMovie Load (0.4ms)[0m  [1mSELECT "movies".* FROM "movies" WHERE "movies"."rating" IN ('G', 'NC-17', 'PG', 'PG-13', 'R')[0m
  Rendered movies/index.html.haml within layouts/application (15.3ms)
Completed 200 OK in 24.8ms (Views: 22.4ms | ActiveRecord: 0.4ms)


Started GET "/assets/application.css?body=1" for 66.76.81.4 at 2016-04-02 03:59:21 +0000
Served asset /application.css - 304 Not Modified (0ms)


Started GET "/assets/jquery.js?body=1" for 66.76.81.4 at 2016-04-02 03:59:21 +0000
Served asset /jquery.js - 304 Not Modified (1ms)


Started GET "/assets/jquery_ujs.js?body=1" for 66.76.81.4 at 2016-04-02 03:59:21 +0000
Served asset /jquery_ujs.js - 304 Not Modified (0ms)


Started GET "/assets/application.js?body=1" for 66.76.81.4 at 2016-04-02 03:59:21 +0000
Served asset /application.js - 304 Not Modified (1ms)


Started GET "/movies?utf8=%E2%9C%93&commit=Refresh" for 66.76.81.4 at 2016-04-02 03:59:27 +0000
Processing by MoviesController#index as HTML
  Parameters: {"utf8"=>"✓", "commit"=>"Refresh"}
Redirected to https://hw3-bluyam.c9users.io/movies?ratings%5BG%5D=1&ratings%5BNC-17%5D=1&ratings%5BPG%5D=1&ratings%5BPG-13%5D=1&ratings%5BR%5D=1
Completed 302 Found in 0.8ms (ActiveRecord: 0.0ms)


Started GET "/movies?ratings%5BG%5D=1&ratings%5BNC-17%5D=1&ratings%5BPG%5D=1&ratings%5BPG-13%5D=1&ratings%5BR%5D=1" for 66.76.81.4 at 2016-04-02 03:59:27 +0000
Processing by MoviesController#index as HTML
  Parameters: {"ratings"=>{"G"=>"1", "NC-17"=>"1", "PG"=>"1", "PG-13"=>"1", "R"=>"1"}}
  [1m[35mMovie Load (0.5ms)[0m  SELECT "movies".* FROM "movies" WHERE "movies"."rating" IN ('G', 'NC-17', 'PG', 'PG-13', 'R')
  Rendered movies/index.html.haml within layouts/application (11.2ms)
Completed 200 OK in 22.2ms (Views: 19.2ms | ActiveRecord: 0.5ms)


Started GET "/assets/jquery.js?body=1" for 66.76.81.4 at 2016-04-02 03:59:27 +0000
Served asset /jquery.js - 304 Not Modified (3ms)


Started GET "/assets/application.css?body=1" for 66.76.81.4 at 2016-04-02 03:59:27 +0000
Served asset /application.css - 304 Not Modified (0ms)


Started GET "/assets/jquery_ujs.js?body=1" for 66.76.81.4 at 2016-04-02 03:59:27 +0000
Served asset /jquery_ujs.js - 304 Not Modified (0ms)


Started GET "/assets/application.js?body=1" for 66.76.81.4 at 2016-04-02 03:59:27 +0000
Served asset /application.js - 304 Not Modified (1ms)


Started GET "/movies?utf8=%E2%9C%93&ratings%5BG%5D=1&ratings%5BPG%5D=1&ratings%5BPG-13%5D=1&ratings%5BNC-17%5D=1&commit=Refresh" for 66.76.81.4 at 2016-04-02 03:59:28 +0000
Processing by MoviesController#index as HTML
  Parameters: {"utf8"=>"✓", "ratings"=>{"G"=>"1", "PG"=>"1", "PG-13"=>"1", "NC-17"=>"1"}, "commit"=>"Refresh"}
Redirected to https://hw3-bluyam.c9users.io/movies?ratings%5BG%5D=1&ratings%5BNC-17%5D=1&ratings%5BPG%5D=1&ratings%5BPG-13%5D=1
Completed 302 Found in 0.9ms (ActiveRecord: 0.0ms)


Started GET "/movies?ratings%5BG%5D=1&ratings%5BNC-17%5D=1&ratings%5BPG%5D=1&ratings%5BPG-13%5D=1" for 66.76.81.4 at 2016-04-02 03:59:28 +0000
Processing by MoviesController#index as HTML
  Parameters: {"ratings"=>{"G"=>"1", "NC-17"=>"1", "PG"=>"1", "PG-13"=>"1"}}
  [1m[36mMovie Load (0.3ms)[0m  [1mSELECT "movies".* FROM "movies" WHERE "movies"."rating" IN ('G', 'NC-17', 'PG', 'PG-13')[0m
  Rendered movies/index.html.haml within layouts/application (7.6ms)
Completed 200 OK in 17.7ms (Views: 15.7ms | ActiveRecord: 0.3ms)


Started GET "/assets/application.css?body=1" for 66.76.81.4 at 2016-04-02 03:59:29 +0000
Served asset /application.css - 304 Not Modified (0ms)


Started GET "/assets/jquery.js?body=1" for 66.76.81.4 at 2016-04-02 03:59:29 +0000
Served asset /jquery.js - 304 Not Modified (1ms)


Started GET "/assets/application.js?body=1" for 66.76.81.4 at 2016-04-02 03:59:29 +0000
Served asset /application.js - 304 Not Modified (1ms)


Started GET "/assets/jquery_ujs.js?body=1" for 66.76.81.4 at 2016-04-02 03:59:29 +0000
Served asset /jquery_ujs.js - 304 Not Modified (0ms)


Started GET "/movies?utf8=%E2%9C%93&ratings%5BG%5D=1&ratings%5BPG%5D=1&ratings%5BPG-13%5D=1&commit=Refresh" for 66.76.81.4 at 2016-04-02 03:59:31 +0000
Processing by MoviesController#index as HTML
  Parameters: {"utf8"=>"✓", "ratings"=>{"G"=>"1", "PG"=>"1", "PG-13"=>"1"}, "commit"=>"Refresh"}
Redirected to https://hw3-bluyam.c9users.io/movies?ratings%5BG%5D=1&ratings%5BPG%5D=1&ratings%5BPG-13%5D=1
Completed 302 Found in 0.8ms (ActiveRecord: 0.0ms)


Started GET "/movies?ratings%5BG%5D=1&ratings%5BPG%5D=1&ratings%5BPG-13%5D=1" for 66.76.81.4 at 2016-04-02 03:59:31 +0000
Processing by MoviesController#index as HTML
  Parameters: {"ratings"=>{"G"=>"1", "PG"=>"1", "PG-13"=>"1"}}
  [1m[35mMovie Load (0.4ms)[0m  SELECT "movies".* FROM "movies" WHERE "movies"."rating" IN ('G', 'PG', 'PG-13')
  Rendered movies/index.html.haml within layouts/application (8.4ms)
Completed 200 OK in 19.3ms (Views: 16.6ms | ActiveRecord: 0.4ms)


Started GET "/assets/application.css?body=1" for 66.76.81.4 at 2016-04-02 03:59:31 +0000
Served asset /application.css - 304 Not Modified (0ms)


Started GET "/assets/jquery.js?body=1" for 66.76.81.4 at 2016-04-02 03:59:31 +0000
Served asset /jquery.js - 304 Not Modified (4ms)


Started GET "/assets/application.js?body=1" for 66.76.81.4 at 2016-04-02 03:59:31 +0000
Served asset /application.js - 304 Not Modified (2ms)


Started GET "/assets/jquery_ujs.js?body=1" for 66.76.81.4 at 2016-04-02 03:59:31 +0000
Served asset /jquery_ujs.js - 304 Not Modified (0ms)


Started GET "/movies?utf8=%E2%9C%93&ratings%5BG%5D=1&ratings%5BPG%5D=1&commit=Refresh" for 66.76.81.4 at 2016-04-02 03:59:32 +0000
Processing by MoviesController#index as HTML
  Parameters: {"utf8"=>"✓", "ratings"=>{"G"=>"1", "PG"=>"1"}, "commit"=>"Refresh"}
Redirected to https://hw3-bluyam.c9users.io/movies?ratings%5BG%5D=1&ratings%5BPG%5D=1
Completed 302 Found in 0.7ms (ActiveRecord: 0.0ms)


Started GET "/movies?ratings%5BG%5D=1&ratings%5BPG%5D=1" for 66.76.81.4 at 2016-04-02 03:59:32 +0000
Processing by MoviesController#index as HTML
  Parameters: {"ratings"=>{"G"=>"1", "PG"=>"1"}}
  [1m[36mMovie Load (0.3ms)[0m  [1mSELECT "movies".* FROM "movies" WHERE "movies"."rating" IN ('G', 'PG')[0m
  Rendered movies/index.html.haml within layouts/application (5.7ms)
Completed 200 OK in 14.5ms (Views: 12.8ms | ActiveRecord: 0.3ms)


Started GET "/assets/application.css?body=1" for 66.76.81.4 at 2016-04-02 03:59:33 +0000
Served asset /application.css - 304 Not Modified (0ms)


Started GET "/assets/application.js?body=1" for 66.76.81.4 at 2016-04-02 03:59:33 +0000
Served asset /application.js - 304 Not Modified (2ms)


Started GET "/assets/jquery_ujs.js?body=1" for 66.76.81.4 at 2016-04-02 03:59:33 +0000
Served asset /jquery_ujs.js - 304 Not Modified (0ms)


Started GET "/assets/jquery.js?body=1" for 66.76.81.4 at 2016-04-02 03:59:33 +0000
Served asset /jquery.js - 304 Not Modified (1ms)


Started GET "/movies?utf8=%E2%9C%93&ratings%5BG%5D=1&commit=Refresh" for 66.76.81.4 at 2016-04-02 03:59:34 +0000
Processing by MoviesController#index as HTML
  Parameters: {"utf8"=>"✓", "ratings"=>{"G"=>"1"}, "commit"=>"Refresh"}
Redirected to https://hw3-bluyam.c9users.io/movies?ratings%5BG%5D=1
Completed 302 Found in 0.8ms (ActiveRecord: 0.0ms)


Started GET "/movies?ratings%5BG%5D=1" for 66.76.81.4 at 2016-04-02 03:59:34 +0000
Processing by MoviesController#index as HTML
  Parameters: {"ratings"=>{"G"=>"1"}}
  [1m[35mMovie Load (0.3ms)[0m  SELECT "movies".* FROM "movies" WHERE "movies"."rating" IN ('G')
  Rendered movies/index.html.haml within layouts/application (4.4ms)
Completed 200 OK in 13.1ms (Views: 11.1ms | ActiveRecord: 0.3ms)


Started GET "/assets/application.css?body=1" for 66.76.81.4 at 2016-04-02 03:59:35 +0000
Served asset /application.css - 304 Not Modified (3ms)


Started GET "/assets/jquery.js?body=1" for 66.76.81.4 at 2016-04-02 03:59:35 +0000
Served asset /jquery.js - 304 Not Modified (1ms)


Started GET "/assets/jquery_ujs.js?body=1" for 66.76.81.4 at 2016-04-02 03:59:35 +0000
Served asset /jquery_ujs.js - 304 Not Modified (0ms)


Started GET "/assets/application.js?body=1" for 66.76.81.4 at 2016-04-02 03:59:35 +0000
Served asset /application.js - 304 Not Modified (1ms)


Started GET "/movies?utf8=%E2%9C%93&commit=Refresh" for 66.76.81.4 at 2016-04-02 03:59:36 +0000
Processing by MoviesController#index as HTML
  Parameters: {"utf8"=>"✓", "commit"=>"Refresh"}
Redirected to https://hw3-bluyam.c9users.io/movies?ratings%5BG%5D=1
Completed 302 Found in 1.2ms (ActiveRecord: 0.0ms)


Started GET "/movies?ratings%5BG%5D=1" for 66.76.81.4 at 2016-04-02 03:59:36 +0000
Processing by MoviesController#index as HTML
  Parameters: {"ratings"=>{"G"=>"1"}}
  [1m[36mMovie Load (0.6ms)[0m  [1mSELECT "movies".* FROM "movies" WHERE "movies"."rating" IN ('G')[0m
  Rendered movies/index.html.haml within layouts/application (5.7ms)
Completed 200 OK in 27.4ms (Views: 25.1ms | ActiveRecord: 0.6ms)


Started GET "/assets/application.css?body=1" for 66.76.81.4 at 2016-04-02 03:59:37 +0000
Served asset /application.css - 304 Not Modified (3ms)


Started GET "/assets/jquery.js?body=1" for 66.76.81.4 at 2016-04-02 03:59:37 +0000
Served asset /jquery.js - 304 Not Modified (2ms)


Started GET "/assets/jquery_ujs.js?body=1" for 66.76.81.4 at 2016-04-02 03:59:37 +0000
Served asset /jquery_ujs.js - 304 Not Modified (0ms)


Started GET "/assets/application.js?body=1" for 66.76.81.4 at 2016-04-02 03:59:37 +0000
Served asset /application.js - 304 Not Modified (1ms)


Started GET "/" for 66.76.81.4 at 2016-04-02 04:00:11 +0000
Connecting to database specified by database.yml

ActionController::RoutingError (No route matches [GET] "/"):
  actionpack (3.2.18) lib/action_dispatch/middleware/debug_exceptions.rb:21:in `call'
  actionpack (3.2.18) lib/action_dispatch/middleware/show_exceptions.rb:56:in `call'
  railties (3.2.18) lib/rails/rack/logger.rb:32:in `call_app'
  railties (3.2.18) lib/rails/rack/logger.rb:16:in `block in call'
  activesupport (3.2.18) lib/active_support/tagged_logging.rb:22:in `tagged'
  railties (3.2.18) lib/rails/rack/logger.rb:16:in `call'
  actionpack (3.2.18) lib/action_dispatch/middleware/request_id.rb:22:in `call'
  rack (1.4.5) lib/rack/methodoverride.rb:21:in `call'
  rack (1.4.5) lib/rack/runtime.rb:17:in `call'
  activesupport (3.2.18) lib/active_support/cache/strategy/local_cache.rb:72:in `call'
  rack (1.4.5) lib/rack/lock.rb:15:in `call'
  actionpack (3.2.18) lib/action_dispatch/middleware/static.rb:63:in `call'
  railties (3.2.18) lib/rails/engine.rb:484:in `call'
  railties (3.2.18) lib/rails/application.rb:231:in `call'
  rack (1.4.5) lib/rack/content_length.rb:14:in `call'
  railties (3.2.18) lib/rails/rack/log_tailer.rb:17:in `call'
  rack (1.4.5) lib/rack/handler/webrick.rb:59:in `service'
  /usr/local/rvm/rubies/ruby-1.9.3-p551/lib/ruby/1.9.1/webrick/httpserver.rb:138:in `service'
  /usr/local/rvm/rubies/ruby-1.9.3-p551/lib/ruby/1.9.1/webrick/httpserver.rb:94:in `run'
  /usr/local/rvm/rubies/ruby-1.9.3-p551/lib/ruby/1.9.1/webrick/server.rb:191:in `block in start_thread'


  Rendered /usr/local/rvm/gems/ruby-1.9.3-p551/gems/actionpack-3.2.18/lib/action_dispatch/middleware/templates/rescues/routing_error.erb within rescues/layout (9.0ms)
